Determining if the pthread_create exist failed with the following output:
Change Dir: /home/robond/workspace/build/CMakeFiles/CMakeTmp

Run Build Command:"/usr/bin/make" "cmTC_db45f/fast"
/usr/bin/make -f CMakeFiles/cmTC_db45f.dir/build.make CMakeFiles/cmTC_db45f.dir/build
make[1]: Entering directory '/home/robond/workspace/build/CMakeFiles/CMakeTmp'
Building C object CMakeFiles/cmTC_db45f.dir/CheckSymbolExists.c.o
/usr/bin/cc     -o CMakeFiles/cmTC_db45f.dir/CheckSymbolExists.c.o   -c /home/robond/workspace/build/CMakeFiles/CMakeTmp/CheckSymbolExists.c
Linking C executable cmTC_db45f
/usr/bin/cmake -E cmake_link_script CMakeFiles/cmTC_db45f.dir/link.txt --verbose=1
/usr/bin/cc       CMakeFiles/cmTC_db45f.dir/CheckSymbolExists.c.o  -o cmTC_db45f -rdynamic 
CMakeFiles/cmTC_db45f.dir/CheckSymbolExists.c.o: In function `main':
CheckSymbolExists.c:(.text+0x16): undefined reference to `pthread_create'
collect2: error: ld returned 1 exit status
CMakeFiles/cmTC_db45f.dir/build.make:97: recipe for target 'cmTC_db45f' failed
make[1]: *** [cmTC_db45f] Error 1
make[1]: Leaving directory '/home/robond/workspace/build/CMakeFiles/CMakeTmp'
Makefile:126: recipe for target 'cmTC_db45f/fast' failed
make: *** [cmTC_db45f/fast] Error 2

File /home/robond/workspace/build/CMakeFiles/CMakeTmp/CheckSymbolExists.c:
/* */
#include <pthread.h>

int main(int argc, char** argv)
{
  (void)argv;
#ifndef pthread_create
  return ((int*)(&pthread_create))[argc];
#else
  (void)argc;
  return 0;
#endif
}

Determining if the function pthread_create exists in the pthreads failed with the following output:
Change Dir: /home/robond/workspace/build/CMakeFiles/CMakeTmp

Run Build Command:"/usr/bin/make" "cmTC_7efab/fast"
/usr/bin/make -f CMakeFiles/cmTC_7efab.dir/build.make CMakeFiles/cmTC_7efab.dir/build
make[1]: Entering directory '/home/robond/workspace/build/CMakeFiles/CMakeTmp'
Building C object CMakeFiles/cmTC_7efab.dir/CheckFunctionExists.c.o
/usr/bin/cc    -DCHECK_FUNCTION_EXISTS=pthread_create   -o CMakeFiles/cmTC_7efab.dir/CheckFunctionExists.c.o   -c /usr/share/cmake-3.5/Modules/CheckFunctionExists.c
Linking C executable cmTC_7efab
/usr/bin/cmake -E cmake_link_script CMakeFiles/cmTC_7efab.dir/link.txt --verbose=1
/usr/bin/cc   -DCHECK_FUNCTION_EXISTS=pthread_create    CMakeFiles/cmTC_7efab.dir/CheckFunctionExists.c.o  -o cmTC_7efab -rdynamic -lpthreads 
/usr/bin/ld: cannot find -lpthreads
collect2: error: ld returned 1 exit status
CMakeFiles/cmTC_7efab.dir/build.make:97: recipe for target 'cmTC_7efab' failed
make[1]: *** [cmTC_7efab] Error 1
make[1]: Leaving directory '/home/robond/workspace/build/CMakeFiles/CMakeTmp'
Makefile:126: recipe for target 'cmTC_7efab/fast' failed
make: *** [cmTC_7efab/fast] Error 2


